<?xml version="1.0" encoding="UTF-8"?>
<testng-results ignored="0" total="1" passed="1" failed="0" skipped="0">
  <reporter-output>
  </reporter-output>
  <suite started-at="2023-12-29T22:55:40 IST" name="Microfocus" finished-at="2023-12-29T22:55:58 IST" duration-ms="17965">
    <groups>
    </groups>
    <test started-at="2023-12-29T22:55:40 IST" name="Test" finished-at="2023-12-29T22:55:58 IST" duration-ms="17965">
      <class name="TestLayer.CreateNewAccountTest">
        <test-method is-config="true" signature="setUp()[pri:0, instance:TestLayer.CreateNewAccountTest@437da279]" started-at="2023-12-29T22:55:41 IST" name="setUp" finished-at="2023-12-29T22:55:54 IST" duration-ms="12923" status="PASS">
          <reporter-output>
          </reporter-output>
        </test-method> <!-- setUp -->
        <test-method signature="validateNewAccount()[pri:0, instance:TestLayer.CreateNewAccountTest@437da279]" started-at="2023-12-29T22:55:54 IST" name="validateNewAccount" finished-at="2023-12-29T22:55:57 IST" duration-ms="3053" status="PASS">
          <reporter-output>
          </reporter-output>
        </test-method> <!-- validateNewAccount -->
        <test-method is-config="true" signature="tearDown()[pri:0, instance:TestLayer.CreateNewAccountTest@437da279]" started-at="2023-12-29T22:55:58 IST" name="tearDown" finished-at="2023-12-29T22:55:58 IST" duration-ms="577" status="PASS">
          <reporter-output>
          </reporter-output>
        </test-method> <!-- tearDown -->
      </class> <!-- TestLayer.CreateNewAccountTest -->
    </test> <!-- Test -->
  </suite> <!-- Microfocus -->
</testng-results>
